<?xml version="1.0" encoding="UTF-8"?>
<!-- Generated by org.testng.reporters.JUnitXMLReporter -->
<testsuite hostname="LAPTOP-FD8BCF3R" name="Command line test" tests="6" failures="1" timestamp="10 Nov 2017 14:30:20 GMT" time="180.774" errors="0">
  <testcase name="enterPostCodeAndFindBranchTest" time="8.484" classname="com.Rbs.Tests.BookABranchAppointmentPageTest"/>
  <testcase name="productLinkTest" time="0.0" classname="com.Rbs.Tests.HomePageTest"/>
  <testcase name="clickOnOurRewardAccountLinkTest" time="0.105" classname="com.Rbs.Tests.OurRewardAccountPageTest"/>
  <testcase name="anEverydayBankAccountLinkTest" time="14.481" classname="com.Rbs.Tests.PersonalProductPageTest"/>
  <testcase name="clickOnOurRewardAccountLinkTest" time="13.033" classname="com.Rbs.Tests.AnEveryDayBankAccountPageTest">
    <failure type="java.lang.NullPointerException">
      <![CDATA[java.lang.NullPointerException
	at org.openqa.selenium.support.pagefactory.internal.LocatingElementHandler.invoke(LocatingElementHandler.java:51)
	at com.sun.proxy.$Proxy7.click(Unknown Source)
	at com.Rbs.Pages.AnEveryDayBankAccountPage.clickOnOurRewardAccount(AnEveryDayBankAccountPage.java:23)
	at com.Rbs.Tests.AnEveryDayBankAccountPageTest.clickOnOurRewardAccountLinkTest(AnEveryDayBankAccountPageTest.java:34)
	at org.apache.maven.surefire.testng.TestNGExecutor.run(TestNGExecutor.java:77)
	at org.apache.maven.surefire.testng.TestNGDirectoryTestSuite.executeMulti(TestNGDirectoryTestSuite.java:159)
	at org.apache.maven.surefire.testng.TestNGDirectoryTestSuite.execute(TestNGDirectoryTestSuite.java:99)
	at org.apache.maven.surefire.testng.TestNGProvider.invoke(TestNGProvider.java:106)
	at org.apache.maven.surefire.util.ReflectionUtils.invokeMethodWithArray(ReflectionUtils.java:189)
	at org.apache.maven.surefire.booter.ProviderFactory$ProviderProxy.invoke(ProviderFactory.java:165)
	at org.apache.maven.surefire.booter.ProviderFactory.invokeProvider(ProviderFactory.java:85)
	at org.apache.maven.surefire.booter.ForkedBooter.runSuitesInProcess(ForkedBooter.java:115)
	at org.apache.maven.surefire.booter.ForkedBooter.main(ForkedBooter.java:75)
... Removed 28 stack frames]]>
    </failure>
  </testcase> <!-- clickOnOurRewardAccountLinkTest -->
  <testcase name="clickOnWaysToBankLinkTest" time="0.111" classname="com.Rbs.Tests.AnEveryDayBankAccountPageTest"/>
</testsuite> <!-- Command line test -->
