<?xml version="1.0" encoding="UTF-8"?>
<testng-results skipped="0" failed="1" total="6" passed="5">
  <reporter-output>
  </reporter-output>
  <suite name="Command line suite" duration-ms="180774" started-at="2017-11-10T14:27:19Z" finished-at="2017-11-10T14:30:20Z">
    <groups>
    </groups>
    <test name="Command line test" duration-ms="180774" started-at="2017-11-10T14:27:19Z" finished-at="2017-11-10T14:30:20Z">
      <class name="com.Rbs.Tests.BookABranchAppointmentPageTest">
        <test-method status="PASS" signature="setUp()[pri:0, instance:com.Rbs.Tests.BookABranchAppointmentPageTest@60addb54]" name="setUp" is-config="true" duration-ms="35041" started-at="2017-11-10T19:57:19Z" finished-at="2017-11-10T19:57:54Z">
          <reporter-output>
          </reporter-output>
        </test-method> <!-- setUp -->
        <test-method status="PASS" signature="enterPostCodeAndFindBranchTest()[pri:0, instance:com.Rbs.Tests.BookABranchAppointmentPageTest@60addb54]" name="enterPostCodeAndFindBranchTest" duration-ms="8484" started-at="2017-11-10T19:57:54Z" finished-at="2017-11-10T19:58:03Z">
          <reporter-output>
          </reporter-output>
        </test-method> <!-- enterPostCodeAndFindBranchTest -->
        <test-method status="PASS" signature="tearDown()[pri:0, instance:com.Rbs.Tests.BookABranchAppointmentPageTest@60addb54]" name="tearDown" is-config="true" duration-ms="720" started-at="2017-11-10T19:58:03Z" finished-at="2017-11-10T19:58:04Z">
          <reporter-output>
          </reporter-output>
        </test-method> <!-- tearDown -->
      </class> <!-- com.Rbs.Tests.BookABranchAppointmentPageTest -->
      <class name="com.Rbs.Tests.HomePageTest">
        <test-method status="PASS" signature="setUp()[pri:0, instance:com.Rbs.Tests.HomePageTest@1936f0f5]" name="setUp" is-config="true" duration-ms="11289" started-at="2017-11-10T19:58:04Z" finished-at="2017-11-10T19:58:15Z">
          <reporter-output>
          </reporter-output>
        </test-method> <!-- setUp -->
        <test-method status="PASS" signature="productLinkTest()[pri:0, instance:com.Rbs.Tests.HomePageTest@1936f0f5]" name="productLinkTest" duration-ms="0" started-at="2017-11-10T19:58:15Z" finished-at="2017-11-10T19:58:15Z">
          <reporter-output>
          </reporter-output>
        </test-method> <!-- productLinkTest -->
        <test-method status="PASS" signature="tearDown()[pri:0, instance:com.Rbs.Tests.HomePageTest@1936f0f5]" name="tearDown" is-config="true" duration-ms="651" started-at="2017-11-10T19:58:15Z" finished-at="2017-11-10T19:58:16Z">
          <reporter-output>
          </reporter-output>
        </test-method> <!-- tearDown -->
      </class> <!-- com.Rbs.Tests.HomePageTest -->
      <class name="com.Rbs.Tests.PersonalProductPageTest">
        <test-method status="PASS" signature="setUp()[pri:0, instance:com.Rbs.Tests.PersonalProductPageTest@6b143ee9]" name="setUp" is-config="true" duration-ms="20443" started-at="2017-11-10T19:58:48Z" finished-at="2017-11-10T19:59:08Z">
          <reporter-output>
          </reporter-output>
        </test-method> <!-- setUp -->
        <test-method status="PASS" signature="anEverydayBankAccountLinkTest()[pri:0, instance:com.Rbs.Tests.PersonalProductPageTest@6b143ee9]" name="anEverydayBankAccountLinkTest" duration-ms="14481" started-at="2017-11-10T19:59:08Z" finished-at="2017-11-10T19:59:23Z">
          <reporter-output>
          </reporter-output>
        </test-method> <!-- anEverydayBankAccountLinkTest -->
      </class> <!-- com.Rbs.Tests.PersonalProductPageTest -->
      <class name="com.Rbs.Tests.AnEveryDayBankAccountPageTest">
        <test-method status="PASS" signature="setUp()[pri:0, instance:com.Rbs.Tests.AnEveryDayBankAccountPageTest@4909b8da]" name="setUp" is-config="true" duration-ms="16297" started-at="2017-11-10T19:59:23Z" finished-at="2017-11-10T19:59:39Z">
          <reporter-output>
          </reporter-output>
        </test-method> <!-- setUp -->
        <test-method status="FAIL" signature="clickOnOurRewardAccountLinkTest()[pri:0, instance:com.Rbs.Tests.AnEveryDayBankAccountPageTest@4909b8da]" name="clickOnOurRewardAccountLinkTest" duration-ms="13033" started-at="2017-11-10T19:59:39Z" finished-at="2017-11-10T19:59:52Z">
          <exception class="java.lang.NullPointerException">
            <full-stacktrace>
              <![CDATA[java.lang.NullPointerException
	at sun.reflect.GeneratedMethodAccessor1.invoke(Unknown Source)
	at sun.reflect.DelegatingMethodAccessorImpl.invoke(DelegatingMethodAccessorImpl.java:43)
	at java.lang.reflect.Method.invoke(Method.java:497)
	at org.openqa.selenium.support.pagefactory.internal.LocatingElementHandler.invoke(LocatingElementHandler.java:51)
	at com.sun.proxy.$Proxy7.click(Unknown Source)
	at com.Rbs.Pages.AnEveryDayBankAccountPage.clickOnOurRewardAccount(AnEveryDayBankAccountPage.java:23)
	at com.Rbs.Tests.AnEveryDayBankAccountPageTest.clickOnOurRewardAccountLinkTest(AnEveryDayBankAccountPageTest.java:34)
	at sun.reflect.NativeMethodAccessorImpl.invoke0(Native Method)
	at sun.reflect.NativeMethodAccessorImpl.invoke(NativeMethodAccessorImpl.java:62)
	at sun.reflect.DelegatingMethodAccessorImpl.invoke(DelegatingMethodAccessorImpl.java:43)
	at java.lang.reflect.Method.invoke(Method.java:497)
	at org.testng.internal.MethodInvocationHelper.invokeMethod(MethodInvocationHelper.java:80)
	at org.testng.internal.Invoker.invokeMethod(Invoker.java:714)
	at org.testng.internal.Invoker.invokeTestMethod(Invoker.java:901)
	at org.testng.internal.Invoker.invokeTestMethods(Invoker.java:1231)
	at org.testng.internal.TestMethodWorker.invokeTestMethods(TestMethodWorker.java:127)
	at org.testng.internal.TestMethodWorker.run(TestMethodWorker.java:111)
	at org.testng.TestRunner.privateRun(TestRunner.java:767)
	at org.testng.TestRunner.run(TestRunner.java:617)
	at org.testng.SuiteRunner.runTest(SuiteRunner.java:334)
	at org.testng.SuiteRunner.runSequentially(SuiteRunner.java:329)
	at org.testng.SuiteRunner.privateRun(SuiteRunner.java:291)
	at org.testng.SuiteRunner.run(SuiteRunner.java:240)
	at org.testng.SuiteRunnerWorker.runSuite(SuiteRunnerWorker.java:52)
	at org.testng.SuiteRunnerWorker.run(SuiteRunnerWorker.java:86)
	at org.testng.TestNG.runSuitesSequentially(TestNG.java:1198)
	at org.testng.TestNG.runSuitesLocally(TestNG.java:1123)
	at org.testng.TestNG.run(TestNG.java:1031)
	at org.apache.maven.surefire.testng.TestNGExecutor.run(TestNGExecutor.java:77)
	at org.apache.maven.surefire.testng.TestNGDirectoryTestSuite.executeMulti(TestNGDirectoryTestSuite.java:159)
	at org.apache.maven.surefire.testng.TestNGDirectoryTestSuite.execute(TestNGDirectoryTestSuite.java:99)
	at org.apache.maven.surefire.testng.TestNGProvider.invoke(TestNGProvider.java:106)
	at sun.reflect.NativeMethodAccessorImpl.invoke0(Native Method)
	at sun.reflect.NativeMethodAccessorImpl.invoke(NativeMethodAccessorImpl.java:62)
	at sun.reflect.DelegatingMethodAccessorImpl.invoke(DelegatingMethodAccessorImpl.java:43)
	at java.lang.reflect.Method.invoke(Method.java:497)
	at org.apache.maven.surefire.util.ReflectionUtils.invokeMethodWithArray(ReflectionUtils.java:189)
	at org.apache.maven.surefire.booter.ProviderFactory$ProviderProxy.invoke(ProviderFactory.java:165)
	at org.apache.maven.surefire.booter.ProviderFactory.invokeProvider(ProviderFactory.java:85)
	at org.apache.maven.surefire.booter.ForkedBooter.runSuitesInProcess(ForkedBooter.java:115)
	at org.apache.maven.surefire.booter.ForkedBooter.main(ForkedBooter.java:75)
]]>
            </full-stacktrace>
          </exception> <!-- java.lang.NullPointerException -->
          <reporter-output>
          </reporter-output>
        </test-method> <!-- clickOnOurRewardAccountLinkTest -->
        <test-method status="PASS" signature="setUp()[pri:0, instance:com.Rbs.Tests.AnEveryDayBankAccountPageTest@4909b8da]" name="setUp" is-config="true" duration-ms="27697" started-at="2017-11-10T19:59:52Z" finished-at="2017-11-10T20:00:20Z">
          <reporter-output>
          </reporter-output>
        </test-method> <!-- setUp -->
        <test-method status="PASS" signature="clickOnWaysToBankLinkTest()[pri:0, instance:com.Rbs.Tests.AnEveryDayBankAccountPageTest@4909b8da]" name="clickOnWaysToBankLinkTest" duration-ms="111" started-at="2017-11-10T20:00:20Z" finished-at="2017-11-10T20:00:20Z">
          <reporter-output>
          </reporter-output>
        </test-method> <!-- clickOnWaysToBankLinkTest -->
      </class> <!-- com.Rbs.Tests.AnEveryDayBankAccountPageTest -->
      <class name="com.Rbs.Tests.OurRewardAccountPageTest">
        <test-method status="PASS" signature="setUp()[pri:0, instance:com.Rbs.Tests.OurRewardAccountPageTest@6615435c]" name="setUp" is-config="true" duration-ms="32356" started-at="2017-11-10T19:58:16Z" finished-at="2017-11-10T19:58:48Z">
          <reporter-output>
          </reporter-output>
        </test-method> <!-- setUp -->
        <test-method status="PASS" signature="clickOnOurRewardAccountLinkTest()[pri:0, instance:com.Rbs.Tests.OurRewardAccountPageTest@6615435c]" name="clickOnOurRewardAccountLinkTest" duration-ms="105" started-at="2017-11-10T19:58:48Z" finished-at="2017-11-10T19:58:48Z">
          <reporter-output>
          </reporter-output>
        </test-method> <!-- clickOnOurRewardAccountLinkTest -->
      </class> <!-- com.Rbs.Tests.OurRewardAccountPageTest -->
    </test> <!-- Command line test -->
  </suite> <!-- Command line suite -->
</testng-results>
